<?xml version="1.0" encoding="UTF-8"?>
<!-- Generated by org.testng.reporters.JUnitReportReporter -->
<testsuite hostname="LAPTOP-K322O225" failures="0" tests="8" name="com.salesinventory.SalesInvenTest" time="119.692" errors="0" timestamp="2025-04-03T15:57:51 IST" skipped="0">
  <testcase classname="com.salesinventory.SalesInvenTest" name="createSupplierTest" time="10.881"/>
  <testcase classname="com.salesinventory.SalesInvenTest" name="orderTest" time="17.865"/>
  <testcase classname="com.salesinventory.SalesInvenTest" name="createEmployeeTest" time="23.382"/>
  <testcase classname="com.salesinventory.SalesInvenTest" name="editCustomerButtonTest" time="11.100"/>
  <testcase classname="com.salesinventory.SalesInvenTest" name="newCustomerTest" time="13.188"/>
  <testcase classname="com.salesinventory.SalesInvenTest" name="newProductTest" time="10.654"/>
  <testcase classname="com.salesinventory.SalesInvenTest" name="productCreateTest" time="4.679"/>
  <testcase classname="com.salesinventory.SalesInvenTest" name="transactionValidateTest" time="27.943"/>
</testsuite> <!-- com.salesinventory.SalesInvenTest -->
