<?xml version="1.0" encoding="UTF-8"?>
<!-- Generated by org.testng.reporters.JUnitReportReporter -->
<testsuite hostname="LAPTOP-K322O225" failures="0" tests="1" name="com.salesinventory.SalesInvenTest" time="12.106" errors="0" timestamp="2025-04-03T15:04:45 IST" skipped="0">
  <testcase classname="com.salesinventory.SalesInvenTest" name="editCustomerButtonTest" time="12.106"/>
</testsuite> <!-- com.salesinventory.SalesInvenTest -->
